<?xml version="1.0" encoding="UTF-8"?>
<!-- Generated by org.testng.reporters.JUnitXMLReporter -->
<testsuite ignored="0" hostname="DESKTOP-BBP9NPV" failures="0" tests="3" name="Surefire test" time="23.198" errors="0" timestamp="2026-04-01T03:35:08 WEST">
  <testcase classname="testng.LoginTest" name="logintest" time="3.832"/>
  <testcase classname="testng.LoginTest" name="logintest" time="7.658"/>
  <testcase classname="testng.LoginTest" name="logintest" time="1.688"/>
</testsuite> <!-- Surefire test -->
