<?xml version="1.0" encoding="UTF-8"?>
<testsuite xmlns:xsi="http://www.w3.org/2001/XMLSchema-instance" xsi:noNamespaceSchemaLocation="https://maven.apache.org/surefire/maven-surefire-plugin/xsd/surefire-test-report-3.0.xsd" version="3.0" name="testng.LoginTest" time="24.125" tests="3" errors="0" skipped="0" failures="0">
  <properties>
[...]
</properties>
  <testcase name="logintest[standard_user, secret_sauce, hamid, test, 20000.0, true](1)" classname="testng.LoginTest" time="3.833">
    <system-err><![CDATA[SLF4J(W): No SLF4J providers were found.
SLF4J(W): Defaulting to no-operation (NOP) logger implementation
SLF4J(W): See https://www.slf4j.org/codes.html#noProviders for further details.
ERROR StatusLogger Log4j2 could not find a logging implementation. Please add log4j-core to the classpath. Using SimpleLogger to log to the console...
avr. 01, 2026 3:34:49 AM org.openqa.selenium.devtools.CdpVersionFinder findNearestMatch
AVERTISSEMENT: Unable to find CDP implementation matching 146
avr. 01, 2026 3:34:49 AM org.openqa.selenium.chromium.ChromiumDriver lambda$new$5
AVERTISSEMENT: Unable to find version of CDP to use for 146.0.7680.154. You may need to include a dependency on a specific version of the CDP using something similar to `org.seleniumhq.selenium:selenium-devtools-v86:4.19.1` where the version ("v86") matches the version of the chromium-based browser you're using and the version number of the artifact is the same as Selenium's.
]]></system-err>
  </testcase>
  <testcase name="logintest[performance_glitch_user, secret_sauce, hamid, test, 21000.0, true](2)" classname="testng.LoginTest" time="7.656">
    <system-err><![CDATA[avr. 01, 2026 3:34:56 AM org.openqa.selenium.devtools.CdpVersionFinder findNearestMatch
AVERTISSEMENT: Unable to find CDP implementation matching 146
avr. 01, 2026 3:34:56 AM org.openqa.selenium.chromium.ChromiumDriver lambda$new$5
AVERTISSEMENT: Unable to find version of CDP to use for 146.0.7680.154. You may need to include a dependency on a specific version of the CDP using something similar to `org.seleniumhq.selenium:selenium-devtools-v86:4.19.1` where the version ("v86") matches the version of the chromium-based browser you're using and the version number of the artifact is the same as Selenium's.
]]></system-err>
  </testcase>
  <testcase name="logintest[user_ghalat, wrongpass, salim, zaza, 20000.0, false](3)" classname="testng.LoginTest" time="1.686">
    <system-err><![CDATA[avr. 01, 2026 3:35:05 AM org.openqa.selenium.devtools.CdpVersionFinder findNearestMatch
AVERTISSEMENT: Unable to find CDP implementation matching 146
avr. 01, 2026 3:35:05 AM org.openqa.selenium.chromium.ChromiumDriver lambda$new$5
AVERTISSEMENT: Unable to find version of CDP to use for 146.0.7680.154. You may need to include a dependency on a specific version of the CDP using something similar to `org.seleniumhq.selenium:selenium-devtools-v86:4.19.1` where the version ("v86") matches the version of the chromium-based browser you're using and the version number of the artifact is the same as Selenium's.
]]></system-err>
  </testcase>
</testsuite>