<?xml version="1.0" encoding="UTF-8"?>
<testng-results ignored="0" total="3" passed="3" failed="0" skipped="0">
  <reporter-output>
  </reporter-output>
  <suite started-at="2026-04-01T03:34:44 WEST" name="Surefire suite" finished-at="2026-04-01T03:35:08 WEST" duration-ms="23198">
    <groups>
    </groups>
    <test started-at="2026-04-01T03:34:44 WEST" name="Surefire test" finished-at="2026-04-01T03:35:08 WEST" duration-ms="23198">
      <class name="testng.LoginTest">
        <test-method is-config="true" signature="setup(java.lang.reflect.Method)[pri:0, instance:testng.LoginTest@7e5afaa6]" started-at="2026-04-01T03:34:46 WEST" name="setup" finished-at="2026-04-01T03:34:49 WEST" duration-ms="3387" status="PASS">
          <params>
            <param index="0">
              <value>
                <![CDATA[public void testng.LoginTest.logintest(java.lang.String,java.lang.String,java.lang.String,java.lang.String,java.lang.String,java.lang.String) throws java.lang.InterruptedException]]>
              </value>
            </param>
          </params>
          <reporter-output>
          </reporter-output>
        </test-method> <!-- setup -->
        <test-method signature="logintest(java.lang.String,java.lang.String,java.lang.String,java.lang.String,java.lang.String,java.lang.String)[pri:0, instance:testng.LoginTest@7e5afaa6]" started-at="2026-04-01T03:34:49 WEST" name="logintest" data-provider="excelData" finished-at="2026-04-01T03:34:53 WEST" duration-ms="3832" status="PASS">
          <params>
            <param index="0">
              <value>
                <![CDATA[standard_user]]>
              </value>
            </param>
            <param index="1">
              <value>
                <![CDATA[secret_sauce]]>
              </value>
            </param>
            <param index="2">
              <value>
                <![CDATA[hamid]]>
              </value>
            </param>
            <param index="3">
              <value>
                <![CDATA[test]]>
              </value>
            </param>
            <param index="4">
              <value>
                <![CDATA[20000.0]]>
              </value>
            </param>
            <param index="5">
              <value>
                <![CDATA[true]]>
              </value>
            </param>
          </params>
          <reporter-output>
          </reporter-output>
        </test-method> <!-- logintest -->
        <test-method is-config="true" signature="off(org.testng.ITestResult)[pri:0, instance:testng.LoginTest@7e5afaa6]" started-at="2026-04-01T03:34:53 WEST" name="off" finished-at="2026-04-01T03:34:54 WEST" duration-ms="877" status="PASS">
          <params>
            <param index="0">
              <value>
                <![CDATA[[TestResult name=logintest status=SUCCESS method=LoginTest.logintest(java.lang.String,java.lang.String,java.lang.String,java.lang.String,java.lang.String,java.lang.String)[pri:0, instance:testng.LoginTest@7e5afaa6] output={null}]]]>
              </value>
            </param>
          </params>
          <reporter-output>
          </reporter-output>
        </test-method> <!-- off -->
        <test-method is-config="true" signature="setup(java.lang.reflect.Method)[pri:0, instance:testng.LoginTest@7e5afaa6]" started-at="2026-04-01T03:34:54 WEST" name="setup" finished-at="2026-04-01T03:34:56 WEST" duration-ms="1918" status="PASS">
          <params>
            <param index="0">
              <value>
                <![CDATA[public void testng.LoginTest.logintest(java.lang.String,java.lang.String,java.lang.String,java.lang.String,java.lang.String,java.lang.String) throws java.lang.InterruptedException]]>
              </value>
            </param>
          </params>
          <reporter-output>
          </reporter-output>
        </test-method> <!-- setup -->
        <test-method signature="logintest(java.lang.String,java.lang.String,java.lang.String,java.lang.String,java.lang.String,java.lang.String)[pri:0, instance:testng.LoginTest@7e5afaa6]" started-at="2026-04-01T03:34:56 WEST" name="logintest" data-provider="excelData" finished-at="2026-04-01T03:35:04 WEST" duration-ms="7658" status="PASS">
          <params>
            <param index="0">
              <value>
                <![CDATA[performance_glitch_user]]>
              </value>
            </param>
            <param index="1">
              <value>
                <![CDATA[secret_sauce]]>
              </value>
            </param>
            <param index="2">
              <value>
                <![CDATA[hamid]]>
              </value>
            </param>
            <param index="3">
              <value>
                <![CDATA[test]]>
              </value>
            </param>
            <param index="4">
              <value>
                <![CDATA[21000.0]]>
              </value>
            </param>
            <param index="5">
              <value>
                <![CDATA[true]]>
              </value>
            </param>
          </params>
          <reporter-output>
          </reporter-output>
        </test-method> <!-- logintest -->
        <test-method is-config="true" signature="off(org.testng.ITestResult)[pri:0, instance:testng.LoginTest@7e5afaa6]" started-at="2026-04-01T03:35:04 WEST" name="off" finished-at="2026-04-01T03:35:04 WEST" duration-ms="343" status="PASS">
          <params>
            <param index="0">
              <value>
                <![CDATA[[TestResult name=logintest status=SUCCESS method=LoginTest.logintest(java.lang.String,java.lang.String,java.lang.String,java.lang.String,java.lang.String,java.lang.String)[pri:0, instance:testng.LoginTest@7e5afaa6] output={null}]]]>
              </value>
            </param>
          </params>
          <reporter-output>
          </reporter-output>
        </test-method> <!-- off -->
        <test-method is-config="true" signature="setup(java.lang.reflect.Method)[pri:0, instance:testng.LoginTest@7e5afaa6]" started-at="2026-04-01T03:35:04 WEST" name="setup" finished-at="2026-04-01T03:35:06 WEST" duration-ms="1514" status="PASS">
          <params>
            <param index="0">
              <value>
                <![CDATA[public void testng.LoginTest.logintest(java.lang.String,java.lang.String,java.lang.String,java.lang.String,java.lang.String,java.lang.String) throws java.lang.InterruptedException]]>
              </value>
            </param>
          </params>
          <reporter-output>
          </reporter-output>
        </test-method> <!-- setup -->
        <test-method signature="logintest(java.lang.String,java.lang.String,java.lang.String,java.lang.String,java.lang.String,java.lang.String)[pri:0, instance:testng.LoginTest@7e5afaa6]" started-at="2026-04-01T03:35:06 WEST" name="logintest" data-provider="excelData" finished-at="2026-04-01T03:35:07 WEST" duration-ms="1688" status="PASS">
          <params>
            <param index="0">
              <value>
                <![CDATA[user_ghalat]]>
              </value>
            </param>
            <param index="1">
              <value>
                <![CDATA[wrongpass]]>
              </value>
            </param>
            <param index="2">
              <value>
                <![CDATA[salim]]>
              </value>
            </param>
            <param index="3">
              <value>
                <![CDATA[zaza]]>
              </value>
            </param>
            <param index="4">
              <value>
                <![CDATA[20000.0]]>
              </value>
            </param>
            <param index="5">
              <value>
                <![CDATA[false]]>
              </value>
            </param>
          </params>
          <reporter-output>
          </reporter-output>
        </test-method> <!-- logintest -->
        <test-method is-config="true" signature="off(org.testng.ITestResult)[pri:0, instance:testng.LoginTest@7e5afaa6]" started-at="2026-04-01T03:35:07 WEST" name="off" finished-at="2026-04-01T03:35:08 WEST" duration-ms="348" status="PASS">
          <params>
            <param index="0">
              <value>
                <![CDATA[[TestResult name=logintest status=SUCCESS method=LoginTest.logintest(java.lang.String,java.lang.String,java.lang.String,java.lang.String,java.lang.String,java.lang.String)[pri:0, instance:testng.LoginTest@7e5afaa6] output={null}]]]>
              </value>
            </param>
          </params>
          <reporter-output>
          </reporter-output>
        </test-method> <!-- off -->
      </class> <!-- testng.LoginTest -->
    </test> <!-- Surefire test -->
  </suite> <!-- Surefire suite -->
</testng-results>
