<?xml version="1.0" encoding="UTF-8"?>
<!-- Generated by org.testng.reporters.JUnitReportReporter -->
<testsuite hostname="DESKTOP-BBP9NPV" failures="0" tests="3" name="testng.LoginTest" time="21.565" errors="0" timestamp="2026-04-01T03:35:08 WEST" skipped="0">
  <testcase classname="testng.LoginTest" name="logintest" time="7.562"/>
  <testcase classname="testng.LoginTest" name="logintest" time="10.453"/>
  <testcase classname="testng.LoginTest" name="logintest" time="3.550"/>
</testsuite> <!-- testng.LoginTest -->
